#
# There is insufficient memory for the Java Runtime Environment to continue.
# Native memory allocation (malloc) failed to allocate 1788496 bytes for Chunk::new
# Possible reasons:
#   The system is out of physical RAM or swap space
#   The process is running with CompressedOops enabled, and the Java Heap may be blocking the growth of the native heap
# Possible solutions:
#   Reduce memory load on the system
#   Increase physical memory or swap space
#   Check if swap backing store is full
#   Decrease Java heap size (-Xmx/-Xms)
#   Decrease number of Java threads
#   Decrease Java thread stack sizes (-Xss)
#   Set larger code cache with -XX:ReservedCodeCacheSize=
#   JVM is running with Unscaled Compressed Oops mode in which the Java heap is
#     placed in the first 4GB address space. The Java Heap base address is the
#     maximum limit for the native heap growth. Please use -XX:HeapBaseMinAddress
#     to set the Java Heap base and to place the Java Heap above 4GB virtual address.
# This output file may be truncated or incomplete.
#
#  Out of Memory Error (arena.cpp:189), pid=13676, tid=13712
#
# JRE version: Java(TM) SE Runtime Environment (17.0.14+8) (build 17.0.14+8-LTS-191)
# Java VM: Java HotSpot(TM) 64-Bit Server VM (17.0.14+8-LTS-191, mixed mode, sharing, tiered, compressed oops, compressed class ptrs, g1 gc, windows-amd64)
# No core dump will be written. Minidumps are not enabled by default on client versions of Windows
#

---------------  S U M M A R Y ------------

Command Line: -javaagent:C:\Program Files\JetBrains\IntelliJ IDEA Community Edition 2024.3.2.2\lib\idea_rt.jar=55096:C:\Program Files\JetBrains\IntelliJ IDEA Community Edition 2024.3.2.2\bin -Dfile.encoding=UTF-8 com.example.ReportingBackendApplication

Host: AMD Ryzen 5 2500U with Radeon Vega Mobile Gfx  , 8 cores, 6G,  Windows 10 , 64 bit Build 19041 (10.0.19041.5438)
Time: Mon Feb 24 11:40:30 2025 Paris, Madrid elapsed time: 38.404234 seconds (0d 0h 0m 38s)

---------------  T H R E A D  ---------------

Current thread (0x00000200c5146150):  JavaThread "C2 CompilerThread0" daemon [_thread_in_native, id=13712, stack(0x00000044c6100000,0x00000044c6200000)]


Current CompileTask:
C2:  38404 4523   !   4       org.springframework.core.annotation.AnnotationsScanner::processMethodHierarchy (276 bytes)

Stack: [0x00000044c6100000,0x00000044c6200000]
Native frames: (J=compiled Java code, j=interpreted, Vv=VM code, C=native code)
V  [jvm.dll+0x67a38a]
V  [jvm.dll+0x7da7ed]
V  [jvm.dll+0x7dc133]
V  [jvm.dll+0x7dc7a3]
V  [jvm.dll+0x24517f]
V  [jvm.dll+0xab773]
V  [jvm.dll+0xabd3c]
V  [jvm.dll+0x361dff]
V  [jvm.dll+0x1ba28a]
V  [jvm.dll+0x216a97]
V  [jvm.dll+0x215d6f]
V  [jvm.dll+0x1a2950]
V  [jvm.dll+0x22620b]
V  [jvm.dll+0x2243ab]
V  [jvm.dll+0x790bbc]
V  [jvm.dll+0x78b04a]
V  [jvm.dll+0x679275]
C  [ucrtbase.dll+0x21bb2]
C  [KERNEL32.DLL+0x17374]
C  [ntdll.dll+0x4cc91]


---------------  P R O C E S S  ---------------

Threads class SMR info:
_java_thread_list=0x000002010cb2e8a0, length=30, elements={
0x00000200c5126700, 0x00000200c5127290, 0x00000200c513f5d0, 0x00000200c5140eb0,
0x00000200c5141780, 0x00000200c5142050, 0x00000200c5146150, 0x00000200c5146b10,
0x00000200c5147420, 0x00000200c537bb90, 0x00000200c565ba40, 0x00000200c54840f0,
0x000002010c6c37c0, 0x000002010c6c3cd0, 0x000002010c6c1e70, 0x000002010c6c1450,
0x000002010c6c41e0, 0x000002010c6c2380, 0x000002010c6c46f0, 0x000002010c6c2da0,
0x000002010c6c1960, 0x000002010c6c2890, 0x000002010df8b830, 0x000002010df8a900,
0x000002010df89ee0, 0x000002010df8efe0, 0x000002010df8a3f0, 0x000002010df894c0,
0x000002010df8ae10, 0x000002010df8ead0
}

Java Threads: ( => current thread )
  0x00000200c5126700 JavaThread "Reference Handler" daemon [_thread_blocked, id=14172, stack(0x00000044c5b00000,0x00000044c5c00000)]
  0x00000200c5127290 JavaThread "Finalizer" daemon [_thread_blocked, id=1540, stack(0x00000044c5c00000,0x00000044c5d00000)]
  0x00000200c513f5d0 JavaThread "Signal Dispatcher" daemon [_thread_blocked, id=12560, stack(0x00000044c5d00000,0x00000044c5e00000)]
  0x00000200c5140eb0 JavaThread "Attach Listener" daemon [_thread_blocked, id=6148, stack(0x00000044c5e00000,0x00000044c5f00000)]
  0x00000200c5141780 JavaThread "Service Thread" daemon [_thread_blocked, id=6564, stack(0x00000044c5f00000,0x00000044c6000000)]
  0x00000200c5142050 JavaThread "Monitor Deflation Thread" daemon [_thread_blocked, id=6448, stack(0x00000044c6000000,0x00000044c6100000)]
=>0x00000200c5146150 JavaThread "C2 CompilerThread0" daemon [_thread_in_native, id=13712, stack(0x00000044c6100000,0x00000044c6200000)]
  0x00000200c5146b10 JavaThread "C1 CompilerThread0" daemon [_thread_blocked, id=3368, stack(0x00000044c6200000,0x00000044c6300000)]
  0x00000200c5147420 JavaThread "Sweeper thread" daemon [_thread_blocked, id=14748, stack(0x00000044c6300000,0x00000044c6400000)]
  0x00000200c537bb90 JavaThread "Common-Cleaner" daemon [_thread_blocked, id=2232, stack(0x00000044c6400000,0x00000044c6500000)]
  0x00000200c565ba40 JavaThread "Monitor Ctrl-Break" daemon [_thread_in_native, id=15200, stack(0x00000044c6600000,0x00000044c6700000)]
  0x00000200c54840f0 JavaThread "Notification Thread" daemon [_thread_blocked, id=13512, stack(0x00000044c6700000,0x00000044c6800000)]
  0x000002010c6c37c0 JavaThread "Catalina-utility-1" [_thread_blocked, id=15500, stack(0x00000044c7200000,0x00000044c7300000)]
  0x000002010c6c3cd0 JavaThread "Catalina-utility-2" [_thread_blocked, id=15064, stack(0x00000044c7300000,0x00000044c7400000)]
  0x000002010c6c1e70 JavaThread "container-0" [_thread_blocked, id=13976, stack(0x00000044c7400000,0x00000044c7500000)]
  0x000002010c6c1450 JavaThread "BufferPoolPruner-1-thread-1" daemon [_thread_blocked, id=17104, stack(0x00000044c7500000,0x00000044c7600000)]
  0x000002010c6c41e0 JavaThread "cluster-ClusterId{value='67bc4c7c3f76137bfdf16eac', description='null'}-localhost:27017" daemon [_thread_blocked, id=12564, stack(0x00000044c7600000,0x00000044c7700000)]
  0x000002010c6c2380 JavaThread "http-nio-8080-exec-1" daemon [_thread_blocked, id=12156, stack(0x00000044c7800000,0x00000044c7900000)]
  0x000002010c6c46f0 JavaThread "http-nio-8080-exec-2" daemon [_thread_blocked, id=15944, stack(0x00000044c7900000,0x00000044c7a00000)]
  0x000002010c6c2da0 JavaThread "http-nio-8080-exec-3" daemon [_thread_blocked, id=16092, stack(0x00000044c7a00000,0x00000044c7b00000)]
  0x000002010c6c1960 JavaThread "http-nio-8080-exec-4" daemon [_thread_blocked, id=3624, stack(0x00000044c7b00000,0x00000044c7c00000)]
  0x000002010c6c2890 JavaThread "http-nio-8080-exec-5" daemon [_thread_blocked, id=16812, stack(0x00000044c7c00000,0x00000044c7d00000)]
  0x000002010df8b830 JavaThread "http-nio-8080-exec-6" daemon [_thread_blocked, id=16720, stack(0x00000044c7d00000,0x00000044c7e00000)]
  0x000002010df8a900 JavaThread "http-nio-8080-exec-7" daemon [_thread_blocked, id=12112, stack(0x00000044c7e00000,0x00000044c7f00000)]
  0x000002010df89ee0 JavaThread "http-nio-8080-exec-8" daemon [_thread_blocked, id=4424, stack(0x00000044c7f00000,0x00000044c8000000)]
  0x000002010df8efe0 JavaThread "http-nio-8080-exec-9" daemon [_thread_blocked, id=11396, stack(0x00000044c8000000,0x00000044c8100000)]
  0x000002010df8a3f0 JavaThread "http-nio-8080-exec-10" daemon [_thread_blocked, id=16320, stack(0x00000044c8100000,0x00000044c8200000)]
  0x000002010df894c0 JavaThread "http-nio-8080-Poller" daemon [_thread_in_native, id=11700, stack(0x00000044c8200000,0x00000044c8300000)]
  0x000002010df8ae10 JavaThread "http-nio-8080-Acceptor" daemon [_thread_in_native, id=1936, stack(0x00000044c8300000,0x00000044c8400000)]
  0x000002010df8ead0 JavaThread "DestroyJavaVM" [_thread_blocked, id=10168, stack(0x00000044c5400000,0x00000044c5500000)]

Other Threads:
  0x00000200c51218e0 VMThread "VM Thread" [stack: 0x00000044c5a00000,0x00000044c5b00000] [id=2228]
  0x00000200a797b4e0 WatcherThread [stack: 0x00000044c6800000,0x00000044c6900000] [id=8752]
  0x00000200a7962bf0 GCTaskThread "GC Thread#0" [stack: 0x00000044c5500000,0x00000044c5600000] [id=7276]
  0x00000200c5d77160 GCTaskThread "GC Thread#1" [stack: 0x00000044c6900000,0x00000044c6a00000] [id=13912]
  0x00000200c5d8d1b0 GCTaskThread "GC Thread#2" [stack: 0x00000044c6a00000,0x00000044c6b00000] [id=10508]
  0x00000200c5d8e480 GCTaskThread "GC Thread#3" [stack: 0x00000044c6b00000,0x00000044c6c00000] [id=13704]
  0x00000200c5d8ed50 GCTaskThread "GC Thread#4" [stack: 0x00000044c6c00000,0x00000044c6d00000] [id=11172]
  0x00000200c5d8f010 GCTaskThread "GC Thread#5" [stack: 0x00000044c6d00000,0x00000044c6e00000] [id=11260]
  0x000002010b4ee950 GCTaskThread "GC Thread#6" [stack: 0x00000044c6f00000,0x00000044c7000000] [id=12404]
  0x000002010b580d50 GCTaskThread "GC Thread#7" [stack: 0x00000044c7000000,0x00000044c7100000] [id=15992]
  0x00000200a79727e0 ConcurrentGCThread "G1 Main Marker" [stack: 0x00000044c5600000,0x00000044c5700000] [id=12204]
  0x00000200a79737a0 ConcurrentGCThread "G1 Conc#0" [stack: 0x00000044c5700000,0x00000044c5800000] [id=15712]
  0x000002010bd23610 ConcurrentGCThread "G1 Conc#1" [stack: 0x00000044c6e00000,0x00000044c6f00000] [id=16388]
  0x00000200a79dd790 ConcurrentGCThread "G1 Refine#0" [stack: 0x00000044c5800000,0x00000044c5900000] [id=15296]
  0x00000200a79ddfd0 ConcurrentGCThread "G1 Service" [stack: 0x00000044c5900000,0x00000044c5a00000] [id=10828]

Threads with active compile tasks:
C2 CompilerThread0    38453 4523   !   4       org.springframework.core.annotation.AnnotationsScanner::processMethodHierarchy (276 bytes)

VM state: not at safepoint (normal execution)

VM Mutex/Monitor currently owned by a thread: None

Heap address: 0x0000000090c00000, size: 1780 MB, Compressed Oops mode: 32-bit

CDS archive(s) mapped at: [0x00000200c6000000-0x00000200c6bd0000-0x00000200c6bd0000), size 12386304, SharedBaseAddress: 0x00000200c6000000, ArchiveRelocationMode: 1.
Compressed class space mapped at: 0x00000200c7000000-0x0000020107000000, reserved size: 1073741824
Narrow klass base: 0x00000200c6000000, Narrow klass shift: 0, Narrow klass range: 0x100000000

GC Precious Log:
 CPUs: 8 total, 8 available
 Memory: 7117M
 Large Page Support: Disabled
 NUMA Support: Disabled
 Compressed Oops: Enabled (32-bit)
 Heap Region Size: 1M
 Heap Min Capacity: 8M
 Heap Initial Capacity: 112M
 Heap Max Capacity: 1780M
 Pre-touch: Disabled
 Parallel Workers: 8
 Concurrent Workers: 2
 Concurrent Refinement Workers: 8
 Periodic GC: Disabled

Heap:
 garbage-first heap   total 71680K, used 39941K [0x0000000090c00000, 0x0000000100000000)
  region size 1024K, 22 young (22528K), 1 survivors (1024K)
 Metaspace       used 39811K, committed 40256K, reserved 1114112K
  class space    used 5278K, committed 5504K, reserved 1048576K

Heap Regions: E=young(eden), S=young(survivor), O=old, HS=humongous(starts), HC=humongous(continues), CS=collection set, F=free, OA=open archive, CA=closed archive, TAMS=top-at-mark-start (previous, next)
|   0|0x0000000090c00000, 0x0000000090d00000, 0x0000000090d00000|100%| O|  |TAMS 0x0000000090d00000, 0x0000000090c00000| Untracked 
|   1|0x0000000090d00000, 0x0000000090e00000, 0x0000000090e00000|100%| O|  |TAMS 0x0000000090e00000, 0x0000000090d00000| Untracked 
|   2|0x0000000090e00000, 0x0000000090f00000, 0x0000000090f00000|100%| O|  |TAMS 0x0000000090f00000, 0x0000000090e00000| Untracked 
|   3|0x0000000090f00000, 0x0000000091000000, 0x0000000091000000|100%| O|  |TAMS 0x0000000091000000, 0x0000000090f00000| Untracked 
|   4|0x0000000091000000, 0x0000000091100000, 0x0000000091100000|100%| O|  |TAMS 0x0000000091100000, 0x0000000091000000| Untracked 
|   5|0x0000000091100000, 0x0000000091200000, 0x0000000091200000|100%| O|  |TAMS 0x0000000091200000, 0x0000000091100000| Untracked 
|   6|0x0000000091200000, 0x0000000091300000, 0x0000000091300000|100%| O|  |TAMS 0x0000000091300000, 0x0000000091200000| Untracked 
|   7|0x0000000091300000, 0x0000000091400000, 0x0000000091400000|100%| O|  |TAMS 0x0000000091400000, 0x0000000091300000| Untracked 
|   8|0x0000000091400000, 0x0000000091500000, 0x0000000091500000|100%| O|  |TAMS 0x0000000091500000, 0x0000000091400000| Untracked 
|   9|0x0000000091500000, 0x0000000091600000, 0x0000000091600000|100%| O|  |TAMS 0x0000000091600000, 0x0000000091500000| Untracked 
|  10|0x0000000091600000, 0x0000000091700000, 0x0000000091700000|100%| O|  |TAMS 0x0000000091700000, 0x0000000091600000| Untracked 
|  11|0x0000000091700000, 0x0000000091800000, 0x0000000091800000|100%| O|  |TAMS 0x0000000091800000, 0x0000000091700000| Untracked 
|  12|0x0000000091800000, 0x0000000091900000, 0x0000000091900000|100%| O|  |TAMS 0x0000000091900000, 0x0000000091800000| Untracked 
|  13|0x0000000091900000, 0x0000000091a00000, 0x0000000091a00000|100%| O|  |TAMS 0x0000000091a00000, 0x0000000091900000| Untracked 
|  14|0x0000000091a00000, 0x0000000091b00000, 0x0000000091b00000|100%| O|  |TAMS 0x0000000091b00000, 0x0000000091a00000| Untracked 
|  15|0x0000000091b00000, 0x0000000091c00000, 0x0000000091c00000|100%| O|  |TAMS 0x0000000091c00000, 0x0000000091b00000| Untracked 
|  16|0x0000000091c00000, 0x0000000091d00000, 0x0000000091d00000|100%| O|  |TAMS 0x0000000091c1f400, 0x0000000091c00000| Untracked 
|  17|0x0000000091d00000, 0x0000000091e00000, 0x0000000091e00000|100%| O|  |TAMS 0x0000000091d00000, 0x0000000091d00000| Untracked 
|  18|0x0000000091e00000, 0x0000000091e42600, 0x0000000091f00000| 25%| O|  |TAMS 0x0000000091e00000, 0x0000000091e00000| Untracked 
|  19|0x0000000091f00000, 0x0000000091f00000, 0x0000000092000000|  0%| F|  |TAMS 0x0000000091f00000, 0x0000000091f00000| Untracked 
|  20|0x0000000092000000, 0x0000000092000000, 0x0000000092100000|  0%| F|  |TAMS 0x0000000092000000, 0x0000000092000000| Untracked 
|  21|0x0000000092100000, 0x0000000092100000, 0x0000000092200000|  0%| F|  |TAMS 0x0000000092100000, 0x0000000092100000| Untracked 
|  22|0x0000000092200000, 0x0000000092200000, 0x0000000092300000|  0%| F|  |TAMS 0x0000000092200000, 0x0000000092200000| Untracked 
|  23|0x0000000092300000, 0x0000000092300000, 0x0000000092400000|  0%| F|  |TAMS 0x0000000092300000, 0x0000000092300000| Untracked 
|  24|0x0000000092400000, 0x0000000092400000, 0x0000000092500000|  0%| F|  |TAMS 0x0000000092400000, 0x0000000092400000| Untracked 
|  25|0x0000000092500000, 0x0000000092500000, 0x0000000092600000|  0%| F|  |TAMS 0x0000000092500000, 0x0000000092500000| Untracked 
|  26|0x0000000092600000, 0x0000000092600000, 0x0000000092700000|  0%| F|  |TAMS 0x0000000092600000, 0x0000000092600000| Untracked 
|  27|0x0000000092700000, 0x0000000092700000, 0x0000000092800000|  0%| F|  |TAMS 0x0000000092700000, 0x0000000092700000| Untracked 
|  28|0x0000000092800000, 0x0000000092800000, 0x0000000092900000|  0%| F|  |TAMS 0x0000000092800000, 0x0000000092800000| Untracked 
|  29|0x0000000092900000, 0x0000000092900000, 0x0000000092a00000|  0%| F|  |TAMS 0x0000000092900000, 0x0000000092900000| Untracked 
|  30|0x0000000092a00000, 0x0000000092a00000, 0x0000000092b00000|  0%| F|  |TAMS 0x0000000092a00000, 0x0000000092a00000| Untracked 
|  31|0x0000000092b00000, 0x0000000092b00000, 0x0000000092c00000|  0%| F|  |TAMS 0x0000000092b00000, 0x0000000092b00000| Untracked 
|  32|0x0000000092c00000, 0x0000000092c00000, 0x0000000092d00000|  0%| F|  |TAMS 0x0000000092c00000, 0x0000000092c00000| Untracked 
|  33|0x0000000092d00000, 0x0000000092d00000, 0x0000000092e00000|  0%| F|  |TAMS 0x0000000092d00000, 0x0000000092d00000| Untracked 
|  34|0x0000000092e00000, 0x0000000092e00000, 0x0000000092f00000|  0%| F|  |TAMS 0x0000000092e00000, 0x0000000092e00000| Untracked 
|  35|0x0000000092f00000, 0x0000000092f00000, 0x0000000093000000|  0%| F|  |TAMS 0x0000000092f00000, 0x0000000092f00000| Untracked 
|  36|0x0000000093000000, 0x0000000093000000, 0x0000000093100000|  0%| F|  |TAMS 0x0000000093000000, 0x0000000093000000| Untracked 
|  37|0x0000000093100000, 0x0000000093100000, 0x0000000093200000|  0%| F|  |TAMS 0x0000000093100000, 0x0000000093100000| Untracked 
|  38|0x0000000093200000, 0x0000000093200000, 0x0000000093300000|  0%| F|  |TAMS 0x0000000093200000, 0x0000000093200000| Untracked 
|  39|0x0000000093300000, 0x0000000093300000, 0x0000000093400000|  0%| F|  |TAMS 0x0000000093300000, 0x0000000093300000| Untracked 
|  40|0x0000000093400000, 0x0000000093400000, 0x0000000093500000|  0%| F|  |TAMS 0x0000000093400000, 0x0000000093400000| Untracked 
|  41|0x0000000093500000, 0x0000000093500000, 0x0000000093600000|  0%| F|  |TAMS 0x0000000093500000, 0x0000000093500000| Untracked 
|  42|0x0000000093600000, 0x0000000093600000, 0x0000000093700000|  0%| F|  |TAMS 0x0000000093600000, 0x0000000093600000| Untracked 
|  43|0x0000000093700000, 0x0000000093700000, 0x0000000093800000|  0%| F|  |TAMS 0x0000000093700000, 0x0000000093700000| Untracked 
|  44|0x0000000093800000, 0x0000000093800000, 0x0000000093900000|  0%| F|  |TAMS 0x0000000093800000, 0x0000000093800000| Untracked 
|  45|0x0000000093900000, 0x0000000093900000, 0x0000000093a00000|  0%| F|  |TAMS 0x0000000093900000, 0x0000000093900000| Untracked 
|  46|0x0000000093a00000, 0x0000000093a00000, 0x0000000093b00000|  0%| F|  |TAMS 0x0000000093a00000, 0x0000000093a00000| Untracked 
|  47|0x0000000093b00000, 0x0000000093b00000, 0x0000000093c00000|  0%| F|  |TAMS 0x0000000093b00000, 0x0000000093b00000| Untracked 
|  48|0x0000000093c00000, 0x0000000093c00800, 0x0000000093d00000|  0%| E|  |TAMS 0x0000000093c00000, 0x0000000093c00000| Complete 
|  49|0x0000000093d00000, 0x0000000093e00000, 0x0000000093e00000|100%| E|CS|TAMS 0x0000000093d00000, 0x0000000093d00000| Complete 
|  50|0x0000000093e00000, 0x0000000093f00000, 0x0000000093f00000|100%| E|CS|TAMS 0x0000000093e00000, 0x0000000093e00000| Complete 
|  51|0x0000000093f00000, 0x0000000094000000, 0x0000000094000000|100%| E|CS|TAMS 0x0000000093f00000, 0x0000000093f00000| Complete 
|  52|0x0000000094000000, 0x0000000094100000, 0x0000000094100000|100%| E|CS|TAMS 0x0000000094000000, 0x0000000094000000| Complete 
|  53|0x0000000094100000, 0x0000000094200000, 0x0000000094200000|100%| E|CS|TAMS 0x0000000094100000, 0x0000000094100000| Complete 
|  54|0x0000000094200000, 0x0000000094300000, 0x0000000094300000|100%| E|CS|TAMS 0x0000000094200000, 0x0000000094200000| Complete 
|  55|0x0000000094300000, 0x0000000094400000, 0x0000000094400000|100%| E|CS|TAMS 0x0000000094300000, 0x0000000094300000| Complete 
|  56|0x0000000094400000, 0x0000000094500000, 0x0000000094500000|100%| E|CS|TAMS 0x0000000094400000, 0x0000000094400000| Complete 
|  57|0x0000000094500000, 0x00000000945bf080, 0x0000000094600000| 74%| S|CS|TAMS 0x0000000094500000, 0x0000000094500000| Complete 
|  58|0x0000000094600000, 0x0000000094700000, 0x0000000094700000|100%| E|CS|TAMS 0x0000000094600000, 0x0000000094600000| Complete 
|  59|0x0000000094700000, 0x0000000094800000, 0x0000000094800000|100%| E|CS|TAMS 0x0000000094700000, 0x0000000094700000| Complete 
|  60|0x0000000094800000, 0x0000000094900000, 0x0000000094900000|100%| E|CS|TAMS 0x0000000094800000, 0x0000000094800000| Complete 
|  61|0x0000000094900000, 0x0000000094a00000, 0x0000000094a00000|100%| E|CS|TAMS 0x0000000094900000, 0x0000000094900000| Complete 
|  62|0x0000000094a00000, 0x0000000094b00000, 0x0000000094b00000|100%| E|CS|TAMS 0x0000000094a00000, 0x0000000094a00000| Complete 
|  63|0x0000000094b00000, 0x0000000094c00000, 0x0000000094c00000|100%| E|CS|TAMS 0x0000000094b00000, 0x0000000094b00000| Complete 
|  64|0x0000000094c00000, 0x0000000094d00000, 0x0000000094d00000|100%| E|CS|TAMS 0x0000000094c00000, 0x0000000094c00000| Complete 
|  65|0x0000000094d00000, 0x0000000094e00000, 0x0000000094e00000|100%| E|CS|TAMS 0x0000000094d00000, 0x0000000094d00000| Complete 
|  66|0x0000000094e00000, 0x0000000094f00000, 0x0000000094f00000|100%| E|CS|TAMS 0x0000000094e00000, 0x0000000094e00000| Complete 
|  67|0x0000000094f00000, 0x0000000095000000, 0x0000000095000000|100%| E|CS|TAMS 0x0000000094f00000, 0x0000000094f00000| Complete 
|  68|0x0000000095000000, 0x0000000095100000, 0x0000000095100000|100%| E|CS|TAMS 0x0000000095000000, 0x0000000095000000| Complete 
| 111|0x0000000097b00000, 0x0000000097c00000, 0x0000000097c00000|100%| E|CS|TAMS 0x0000000097b00000, 0x0000000097b00000| Complete 

Card table byte_map: [0x00000200be8b0000,0x00000200bec30000] _byte_map_base: 0x00000200be42a000

Marking Bits (Prev, Next): (CMBitMap*) 0x00000200a7964030, (CMBitMap*) 0x00000200a7964070
 Prev Bits: [0x00000200befb0000, 0x00000200c0b80000)
 Next Bits: [0x00000200c0b80000, 0x00000200c2750000)

Polling page: 0x00000200a58f0000

Metaspace:

Usage:
  Non-class:     33.72 MB used.
      Class:      5.15 MB used.
       Both:     38.88 MB used.

Virtual space:
  Non-class space:       64.00 MB reserved,      33.94 MB ( 53%) committed,  1 nodes.
      Class space:        1.00 GB reserved,       5.38 MB ( <1%) committed,  1 nodes.
             Both:        1.06 GB reserved,      39.31 MB (  4%) committed. 

Chunk freelists:
   Non-Class:  13.83 MB
       Class:  10.56 MB
        Both:  24.39 MB

MaxMetaspaceSize: unlimited
CompressedClassSpaceSize: 1.00 GB
Initial GC threshold: 21.00 MB
Current GC threshold: 59.00 MB
CDS: on
MetaspaceReclaimPolicy: balanced
 - commit_granule_bytes: 65536.
 - commit_granule_words: 8192.
 - virtual_space_node_default_size: 8388608.
 - enlarge_chunks_in_place: 1.
 - new_chunks_are_fully_committed: 0.
 - uncommit_free_chunks: 1.
 - use_allocation_guard: 0.
 - handle_deallocations: 1.


Internal statistics:

num_allocs_failed_limit: 6.
num_arena_births: 628.
num_arena_deaths: 0.
num_vsnodes_births: 2.
num_vsnodes_deaths: 0.
num_space_committed: 629.
num_space_uncommitted: 0.
num_chunks_returned_to_freelist: 6.
num_chunks_taken_from_freelist: 2087.
num_chunk_merges: 6.
num_chunk_splits: 1460.
num_chunks_enlarged: 1100.
num_inconsistent_stats: 0.

CodeHeap 'non-profiled nmethods': size=120000Kb used=2758Kb max_used=2758Kb free=117241Kb
 bounds [0x00000200b6cc0000, 0x00000200b6f80000, 0x00000200be1f0000]
CodeHeap 'profiled nmethods': size=120000Kb used=9272Kb max_used=9272Kb free=110727Kb
 bounds [0x00000200af1f0000, 0x00000200afb00000, 0x00000200b6720000]
CodeHeap 'non-nmethods': size=5760Kb used=1263Kb max_used=1306Kb free=4496Kb
 bounds [0x00000200b6720000, 0x00000200b6990000, 0x00000200b6cc0000]
 total_blobs=5133 nmethods=4555 adapters=490
 compilation: enabled
              stopped_count=0, restarted_count=0
 full_count=0

Compilation events (20 events):
Event: 37.986 Thread 0x00000200c5146b10 4547       3       com.fasterxml.jackson.databind.AnnotationIntrospector::_findAnnotation (6 bytes)
Event: 37.986 Thread 0x00000200c5146b10 nmethod 4547 0x00000200afaf9010 code [0x00000200afaf91c0, 0x00000200afaf93a8]
Event: 37.986 Thread 0x00000200c5146b10 4548       3       com.fasterxml.jackson.databind.introspect.AnnotatedMember::getAnnotation (18 bytes)
Event: 37.986 Thread 0x00000200c5146b10 nmethod 4548 0x00000200afaf9490 code [0x00000200afaf9660, 0x00000200afaf9a68]
Event: 38.007 Thread 0x00000200c5146b10 4549       1       java.util.concurrent.atomic.AtomicLong::get (5 bytes)
Event: 38.008 Thread 0x00000200c5146b10 nmethod 4549 0x00000200b6f70c90 code [0x00000200b6f70e20, 0x00000200b6f70ef8]
Event: 38.010 Thread 0x00000200c5146b10 4550       1       org.apache.tomcat.util.http.MimeHeaderField::getValue (5 bytes)
Event: 38.011 Thread 0x00000200c5146b10 nmethod 4550 0x00000200b6f70f90 code [0x00000200b6f71120, 0x00000200b6f711f8]
Event: 38.011 Thread 0x00000200c5146b10 4551       3       org.apache.tomcat.util.buf.AbstractChunk::getLength (10 bytes)
Event: 38.011 Thread 0x00000200c5146b10 nmethod 4551 0x00000200afaf9b90 code [0x00000200afaf9d20, 0x00000200afaf9e38]
Event: 38.011 Thread 0x00000200c5146b10 4552       3       jdk.internal.misc.Unsafe::checkOffset (32 bytes)
Event: 38.011 Thread 0x00000200c5146b10 nmethod 4552 0x00000200afaf9f10 code [0x00000200afafa0c0, 0x00000200afafa348]
Event: 38.015 Thread 0x00000200c5146b10 4553       3       java.nio.Buffer::remaining (20 bytes)
Event: 38.015 Thread 0x00000200c5146b10 nmethod 4553 0x00000200afafa490 code [0x00000200afafa620, 0x00000200afafa7b8]
Event: 38.017 Thread 0x00000200c5146b10 4554       3       jdk.internal.misc.Unsafe::copyMemory (33 bytes)
Event: 38.019 Thread 0x00000200c5146b10 nmethod 4554 0x00000200afafa890 code [0x00000200afafab40, 0x00000200afafb898]
Event: 38.019 Thread 0x00000200c5146b10 4555       3       jdk.internal.misc.Unsafe::copyMemoryChecks (21 bytes)
Event: 38.020 Thread 0x00000200c5146b10 nmethod 4555 0x00000200afafbe90 code [0x00000200afafc140, 0x00000200afafce88]
Event: 38.021 Thread 0x00000200c5146b10 4556       1       org.apache.catalina.connector.Response::getCoyoteResponse (5 bytes)
Event: 38.022 Thread 0x00000200c5146b10 nmethod 4556 0x00000200b6f71290 code [0x00000200b6f71420, 0x00000200b6f714f8]

GC Heap History (16 events):
Event: 0.965 GC heap before
{Heap before GC invocations=0 (full 0):
 garbage-first heap   total 114688K, used 22528K [0x0000000090c00000, 0x0000000100000000)
  region size 1024K, 23 young (23552K), 0 survivors (0K)
 Metaspace       used 6433K, committed 6656K, reserved 1114112K
  class space    used 765K, committed 896K, reserved 1048576K
}
Event: 0.975 GC heap after
{Heap after GC invocations=1 (full 0):
 garbage-first heap   total 114688K, used 6917K [0x0000000090c00000, 0x0000000100000000)
  region size 1024K, 3 young (3072K), 3 survivors (3072K)
 Metaspace       used 6433K, committed 6656K, reserved 1114112K
  class space    used 765K, committed 896K, reserved 1048576K
}
Event: 1.619 GC heap before
{Heap before GC invocations=1 (full 0):
 garbage-first heap   total 114688K, used 33541K [0x0000000090c00000, 0x0000000100000000)
  region size 1024K, 30 young (30720K), 3 survivors (3072K)
 Metaspace       used 13262K, committed 13504K, reserved 1114112K
  class space    used 1631K, committed 1728K, reserved 1048576K
}
Event: 1.627 GC heap after
{Heap after GC invocations=2 (full 0):
 garbage-first heap   total 114688K, used 8805K [0x0000000090c00000, 0x0000000100000000)
  region size 1024K, 3 young (3072K), 3 survivors (3072K)
 Metaspace       used 13262K, committed 13504K, reserved 1114112K
  class space    used 1631K, committed 1728K, reserved 1048576K
}
Event: 3.119 GC heap before
{Heap before GC invocations=2 (full 0):
 garbage-first heap   total 114688K, used 53861K [0x0000000090c00000, 0x0000000100000000)
  region size 1024K, 49 young (50176K), 3 survivors (3072K)
 Metaspace       used 21233K, committed 21504K, reserved 1114112K
  class space    used 2660K, committed 2816K, reserved 1048576K
}
Event: 3.129 GC heap after
{Heap after GC invocations=3 (full 0):
 garbage-first heap   total 114688K, used 12761K [0x0000000090c00000, 0x0000000100000000)
  region size 1024K, 7 young (7168K), 7 survivors (7168K)
 Metaspace       used 21233K, committed 21504K, reserved 1114112K
  class space    used 2660K, committed 2816K, reserved 1048576K
}
Event: 4.112 GC heap before
{Heap before GC invocations=4 (full 0):
 garbage-first heap   total 51200K, used 36313K [0x0000000090c00000, 0x0000000100000000)
  region size 1024K, 30 young (30720K), 7 survivors (7168K)
 Metaspace       used 26653K, committed 27072K, reserved 1114112K
  class space    used 3388K, committed 3584K, reserved 1048576K
}
Event: 4.128 GC heap after
{Heap after GC invocations=5 (full 0):
 garbage-first heap   total 51200K, used 14938K [0x0000000090c00000, 0x0000000100000000)
  region size 1024K, 3 young (3072K), 3 survivors (3072K)
 Metaspace       used 26653K, committed 27072K, reserved 1114112K
  class space    used 3388K, committed 3584K, reserved 1048576K
}
Event: 4.163 GC heap before
{Heap before GC invocations=5 (full 0):
 garbage-first heap   total 51200K, used 14938K [0x0000000090c00000, 0x0000000100000000)
  region size 1024K, 4 young (4096K), 3 survivors (3072K)
 Metaspace       used 26815K, committed 27200K, reserved 1114112K
  class space    used 3418K, committed 3584K, reserved 1048576K
}
Event: 4.170 GC heap after
{Heap after GC invocations=6 (full 0):
 garbage-first heap   total 51200K, used 15375K [0x0000000090c00000, 0x0000000100000000)
  region size 1024K, 1 young (1024K), 1 survivors (1024K)
 Metaspace       used 26815K, committed 27200K, reserved 1114112K
  class space    used 3418K, committed 3584K, reserved 1048576K
}
Event: 4.819 GC heap before
{Heap before GC invocations=6 (full 0):
 garbage-first heap   total 51200K, used 34831K [0x0000000090c00000, 0x0000000100000000)
  region size 1024K, 20 young (20480K), 1 survivors (1024K)
 Metaspace       used 31352K, committed 31744K, reserved 1114112K
  class space    used 4112K, committed 4288K, reserved 1048576K
}
Event: 4.825 GC heap after
{Heap after GC invocations=7 (full 0):
 garbage-first heap   total 51200K, used 16538K [0x0000000090c00000, 0x0000000100000000)
  region size 1024K, 2 young (2048K), 2 survivors (2048K)
 Metaspace       used 31352K, committed 31744K, reserved 1114112K
  class space    used 4112K, committed 4288K, reserved 1048576K
}
Event: 5.408 GC heap before
{Heap before GC invocations=7 (full 0):
 garbage-first heap   total 51200K, used 35994K [0x0000000090c00000, 0x0000000100000000)
  region size 1024K, 21 young (21504K), 2 survivors (2048K)
 Metaspace       used 34614K, committed 35072K, reserved 1114112K
  class space    used 4593K, committed 4800K, reserved 1048576K
}
Event: 5.419 GC heap after
{Heap after GC invocations=8 (full 0):
 garbage-first heap   total 51200K, used 18772K [0x0000000090c00000, 0x0000000100000000)
  region size 1024K, 3 young (3072K), 3 survivors (3072K)
 Metaspace       used 34614K, committed 35072K, reserved 1114112K
  class space    used 4593K, committed 4800K, reserved 1048576K
}
Event: 5.588 GC heap before
{Heap before GC invocations=8 (full 0):
 garbage-first heap   total 51200K, used 23892K [0x0000000090c00000, 0x0000000100000000)
  region size 1024K, 9 young (9216K), 3 survivors (3072K)
 Metaspace       used 35655K, committed 36096K, reserved 1114112K
  class space    used 4735K, committed 4992K, reserved 1048576K
}
Event: 5.592 GC heap after
{Heap after GC invocations=9 (full 0):
 garbage-first heap   total 78848K, used 19461K [0x0000000090c00000, 0x0000000100000000)
  region size 1024K, 1 young (1024K), 1 survivors (1024K)
 Metaspace       used 35655K, committed 36096K, reserved 1114112K
  class space    used 4735K, committed 4992K, reserved 1048576K
}

Deoptimization events (20 events):
Event: 10.178 Thread 0x000002010c6c46f0 Uncommon trap: trap_request=0xffffff45 fr.pc=0x00000200b6d9c1a0 relative=0x00000000000002e0
Event: 10.178 Thread 0x000002010c6c46f0 Uncommon trap: reason=unstable_if action=reinterpret pc=0x00000200b6d9c1a0 method=java.util.HashMap.getNode(Ljava/lang/Object;)Ljava/util/HashMap$Node; @ 66 c2
Event: 10.178 Thread 0x000002010c6c46f0 DEOPT PACKING pc=0x00000200b6d9c1a0 sp=0x00000044c79fcf90
Event: 10.178 Thread 0x000002010c6c46f0 DEOPT UNPACKING pc=0x00000200b67723a3 sp=0x00000044c79fceb8 mode 2
Event: 10.556 Thread 0x000002010c6c2da0 Uncommon trap: trap_request=0xffffff45 fr.pc=0x00000200b6d80164 relative=0x00000000000002a4
Event: 10.556 Thread 0x000002010c6c2da0 Uncommon trap: reason=unstable_if action=reinterpret pc=0x00000200b6d80164 method=java.util.HashMap.getNode(Ljava/lang/Object;)Ljava/util/HashMap$Node; @ 66 c2
Event: 10.556 Thread 0x000002010c6c2da0 DEOPT PACKING pc=0x00000200b6d80164 sp=0x00000044c7afc9a0
Event: 10.556 Thread 0x000002010c6c2da0 DEOPT UNPACKING pc=0x00000200b67723a3 sp=0x00000044c7afc920 mode 2
Event: 37.802 Thread 0x000002010c6c2380 Uncommon trap: trap_request=0xffffff45 fr.pc=0x00000200b6eca660 relative=0x0000000000000060
Event: 37.802 Thread 0x000002010c6c2380 Uncommon trap: reason=unstable_if action=reinterpret pc=0x00000200b6eca660 method=java.lang.Class.componentType()Ljava/lang/Class; @ 4 c2
Event: 37.802 Thread 0x000002010c6c2380 DEOPT PACKING pc=0x00000200b6eca660 sp=0x00000044c78fd680
Event: 37.802 Thread 0x000002010c6c2380 DEOPT UNPACKING pc=0x00000200b67723a3 sp=0x00000044c78fd610 mode 2
Event: 37.810 Thread 0x000002010c6c2380 Uncommon trap: trap_request=0xffffffbe fr.pc=0x00000200b6f288f0 relative=0x00000000000006b0
Event: 37.810 Thread 0x000002010c6c2380 Uncommon trap: reason=profile_predicate action=maybe_recompile pc=0x00000200b6f288f0 method=java.lang.PublicMethods$MethodList.filter([Ljava/lang/reflect/Method;Ljava/lang/String;[Ljava/lang/Class;Z)Ljava/lang/PublicMethods$MethodList; @ 21 c2
Event: 37.810 Thread 0x000002010c6c2380 DEOPT PACKING pc=0x00000200b6f288f0 sp=0x00000044c78fc810
Event: 37.810 Thread 0x000002010c6c2380 DEOPT UNPACKING pc=0x00000200b67723a3 sp=0x00000044c78fc7b8 mode 2
Event: 37.969 Thread 0x000002010c6c2380 Uncommon trap: trap_request=0xffffff45 fr.pc=0x00000200b6ddb9f8 relative=0x0000000000000338
Event: 37.969 Thread 0x000002010c6c2380 Uncommon trap: reason=unstable_if action=reinterpret pc=0x00000200b6ddb9f8 method=java.util.HashMap.getNode(Ljava/lang/Object;)Ljava/util/HashMap$Node; @ 66 c2
Event: 37.969 Thread 0x000002010c6c2380 DEOPT PACKING pc=0x00000200b6ddb9f8 sp=0x00000044c78fc880
Event: 37.969 Thread 0x000002010c6c2380 DEOPT UNPACKING pc=0x00000200b67723a3 sp=0x00000044c78fc7b0 mode 2

Classes unloaded (0 events):
No events

Classes redefined (0 events):
No events

Internal exceptions (20 events):
Event: 34.248 Thread 0x000002010c6c41e0 Exception <a 'java/net/ConnectException'{0x0000000094062a58}: Connection refused: no further information> (0x0000000094062a58) 
thrown [s\open\src\hotspot\share\prims\jni.cpp, line 535]
Event: 34.248 Thread 0x000002010c6c41e0 Exception <a 'java/net/SocketException'{0x0000000094062d90}: Socket is not connected: shutdown> (0x0000000094062d90) 
thrown [s\open\src\hotspot\share\prims\jni.cpp, line 535]
Event: 34.750 Thread 0x000002010c6c41e0 Exception <a 'java/net/ConnectException'{0x0000000094065a58}: Connection refused: no further information> (0x0000000094065a58) 
thrown [s\open\src\hotspot\share\prims\jni.cpp, line 535]
Event: 34.750 Thread 0x000002010c6c41e0 Exception <a 'java/net/SocketException'{0x0000000094065d90}: Socket is not connected: shutdown> (0x0000000094065d90) 
thrown [s\open\src\hotspot\share\prims\jni.cpp, line 535]
Event: 35.274 Thread 0x000002010c6c41e0 Exception <a 'java/net/ConnectException'{0x0000000094067cc0}: Connection refused: no further information> (0x0000000094067cc0) 
thrown [s\open\src\hotspot\share\prims\jni.cpp, line 535]
Event: 35.274 Thread 0x000002010c6c41e0 Exception <a 'java/net/SocketException'{0x0000000094067ff8}: Socket is not connected: shutdown> (0x0000000094067ff8) 
thrown [s\open\src\hotspot\share\prims\jni.cpp, line 535]
Event: 35.775 Thread 0x000002010c6c41e0 Exception <a 'java/net/ConnectException'{0x0000000094069f28}: Connection refused: no further information> (0x0000000094069f28) 
thrown [s\open\src\hotspot\share\prims\jni.cpp, line 535]
Event: 35.775 Thread 0x000002010c6c41e0 Exception <a 'java/net/SocketException'{0x000000009406a260}: Socket is not connected: shutdown> (0x000000009406a260) 
thrown [s\open\src\hotspot\share\prims\jni.cpp, line 535]
Event: 36.277 Thread 0x000002010c6c41e0 Exception <a 'java/net/ConnectException'{0x000000009406c190}: Connection refused: no further information> (0x000000009406c190) 
thrown [s\open\src\hotspot\share\prims\jni.cpp, line 535]
Event: 36.277 Thread 0x000002010c6c41e0 Exception <a 'java/net/SocketException'{0x000000009406c4c8}: Socket is not connected: shutdown> (0x000000009406c4c8) 
thrown [s\open\src\hotspot\share\prims\jni.cpp, line 535]
Event: 36.797 Thread 0x000002010c6c41e0 Exception <a 'java/net/ConnectException'{0x000000009406e3f8}: Connection refused: no further information> (0x000000009406e3f8) 
thrown [s\open\src\hotspot\share\prims\jni.cpp, line 535]
Event: 36.797 Thread 0x000002010c6c41e0 Exception <a 'java/net/SocketException'{0x000000009406e730}: Socket is not connected: shutdown> (0x000000009406e730) 
thrown [s\open\src\hotspot\share\prims\jni.cpp, line 535]
Event: 37.309 Thread 0x000002010c6c41e0 Exception <a 'java/net/ConnectException'{0x0000000094070660}: Connection refused: no further information> (0x0000000094070660) 
thrown [s\open\src\hotspot\share\prims\jni.cpp, line 535]
Event: 37.309 Thread 0x000002010c6c41e0 Exception <a 'java/net/SocketException'{0x0000000094070998}: Socket is not connected: shutdown> (0x0000000094070998) 
thrown [s\open\src\hotspot\share\prims\jni.cpp, line 535]
Event: 37.753 Thread 0x000002010c6c2380 Exception <a 'java/lang/reflect/InvocationTargetException'{0x00000000940994d8}> (0x00000000940994d8) 
thrown [s\open\src\hotspot\share\runtime\reflection.cpp, line 1121]
Event: 37.755 Thread 0x000002010c6c2380 Exception <a 'java/lang/reflect/InvocationTargetException'{0x00000000940a2018}> (0x00000000940a2018) 
thrown [s\open\src\hotspot\share\runtime\reflection.cpp, line 1121]
Event: 37.763 Thread 0x000002010c6c2380 Exception <a 'java/lang/NoSuchMethodError'{0x0000000093f0ac88}: 'java.lang.Object java.lang.invoke.Invokers$Holder.invoke_MT(java.lang.Object, java.lang.Object, java.lang.Object, java.lang.Object, java.lang.Object, java.lang.Object, java.lang.Object, java.lang.Object, java.lang.Object)'> (0x0000000093f0ac88) 
thrown [s\open\src\hotspot\share\interpreter\linkResolver.cpp, line 759]
Event: 37.819 Thread 0x000002010c6c41e0 Exception <a 'java/net/ConnectException'{0x00000000940728c8}: Connection refused: no further information> (0x00000000940728c8) 
thrown [s\open\src\hotspot\share\prims\jni.cpp, line 535]
Event: 37.819 Thread 0x000002010c6c41e0 Exception <a 'java/net/SocketException'{0x0000000094072c00}: Socket is not connected: shutdown> (0x0000000094072c00) 
thrown [s\open\src\hotspot\share\prims\jni.cpp, line 535]
Event: 38.021 Thread 0x000002010c6c2380 Exception <a 'java/io/IOException'{0x0000000093df2b30}> (0x0000000093df2b30) 
thrown [s\open\src\hotspot\share\prims\jni.cpp, line 516]

VM Operations (20 events):
Event: 21.682 Executing VM operation: Cleanup
Event: 21.682 Executing VM operation: Cleanup done
Event: 22.682 Executing VM operation: Cleanup
Event: 22.682 Executing VM operation: Cleanup done
Event: 25.683 Executing VM operation: Cleanup
Event: 25.684 Executing VM operation: Cleanup done
Event: 27.684 Executing VM operation: Cleanup
Event: 27.684 Executing VM operation: Cleanup done
Event: 29.686 Executing VM operation: Cleanup
Event: 29.686 Executing VM operation: Cleanup done
Event: 34.707 Executing VM operation: Cleanup
Event: 34.707 Executing VM operation: Cleanup done
Event: 36.708 Executing VM operation: Cleanup
Event: 36.708 Executing VM operation: Cleanup done
Event: 37.708 Executing VM operation: Cleanup
Event: 37.708 Executing VM operation: Cleanup done
Event: 37.814 Executing VM operation: HandshakeAllThreads
Event: 37.830 Executing VM operation: HandshakeAllThreads done
Event: 37.962 Executing VM operation: HandshakeAllThreads
Event: 37.962 Executing VM operation: HandshakeAllThreads done

Events (20 events):
Event: 37.786 loading class java/util/stream/ReferencePipeline$4
Event: 37.787 loading class java/util/stream/ReferencePipeline$4 done
Event: 37.787 loading class java/util/function/IntBinaryOperator
Event: 37.787 loading class java/util/function/IntBinaryOperator done
Event: 37.787 loading class java/util/stream/ReduceOps$7
Event: 37.792 loading class java/util/stream/ReduceOps$7 done
Event: 37.792 loading class java/util/stream/ReduceOps$6ReducingSink
Event: 37.792 loading class java/util/stream/ReduceOps$6ReducingSink done
Event: 37.792 loading class java/util/stream/ReferencePipeline$4$1
Event: 37.792 loading class java/util/stream/ReferencePipeline$4$1 done
Event: 37.840 loading class java/util/OptionalLong
Event: 37.841 loading class java/util/OptionalLong done
Event: 37.841 loading class java/util/OptionalDouble
Event: 37.842 loading class java/util/OptionalDouble done
Event: 37.866 loading class java/util/AbstractMap$SimpleEntry
Event: 37.867 loading class java/util/AbstractMap$SimpleEntry done
Event: 37.953 loading class java/util/stream/LongStream
Event: 37.954 loading class java/util/stream/LongStream done
Event: 37.954 loading class java/util/stream/DoubleStream
Event: 37.955 loading class java/util/stream/DoubleStream done


Dynamic libraries:
0x00007ff7b50b0000 - 0x00007ff7b50c0000 	C:\Program Files\Java\jdk-17\bin\java.exe
0x00007ffe70e10000 - 0x00007ffe71008000 	C:\Windows\SYSTEM32\ntdll.dll
0x00007ffe705a0000 - 0x00007ffe70662000 	C:\Windows\System32\KERNEL32.DLL
0x00007ffe6eb30000 - 0x00007ffe6ee2f000 	C:\Windows\System32\KERNELBASE.dll
0x00007ffe6e990000 - 0x00007ffe6ea90000 	C:\Windows\System32\ucrtbase.dll
0x00007ffe699b0000 - 0x00007ffe699cb000 	C:\Program Files\Java\jdk-17\bin\VCRUNTIME140.dll
0x00007ffe69e10000 - 0x00007ffe69e29000 	C:\Program Files\Java\jdk-17\bin\jli.dll
0x00007ffe704f0000 - 0x00007ffe7059f000 	C:\Windows\System32\ADVAPI32.dll
0x00007ffe6f020000 - 0x00007ffe6f0be000 	C:\Windows\System32\msvcrt.dll
0x00007ffe70670000 - 0x00007ffe7070f000 	C:\Windows\System32\sechost.dll
0x00007ffe70ca0000 - 0x00007ffe70dc3000 	C:\Windows\System32\RPCRT4.dll
0x00007ffe6e960000 - 0x00007ffe6e987000 	C:\Windows\System32\bcrypt.dll
0x00007ffe70720000 - 0x00007ffe708bd000 	C:\Windows\System32\USER32.dll
0x00007ffe6e5f0000 - 0x00007ffe6e612000 	C:\Windows\System32\win32u.dll
0x00007ffe58fa0000 - 0x00007ffe5923a000 	C:\Windows\WinSxS\amd64_microsoft.windows.common-controls_6595b64144ccf1df_6.0.19041.4355_none_60b8b9eb71f62e16\COMCTL32.dll
0x00007ffe70400000 - 0x00007ffe7042b000 	C:\Windows\System32\GDI32.dll
0x00007ffe6e690000 - 0x00007ffe6e7aa000 	C:\Windows\System32\gdi32full.dll
0x00007ffe6ea90000 - 0x00007ffe6eb2d000 	C:\Windows\System32\msvcp_win.dll
0x00007ffe65950000 - 0x00007ffe6595a000 	C:\Windows\SYSTEM32\VERSION.dll
0x00007ffe704c0000 - 0x00007ffe704ef000 	C:\Windows\System32\IMM32.DLL
0x00007ffe69dc0000 - 0x00007ffe69dcc000 	C:\Program Files\Java\jdk-17\bin\vcruntime140_1.dll
0x00007ffe5e2a0000 - 0x00007ffe5e32e000 	C:\Program Files\Java\jdk-17\bin\msvcp140.dll
0x00007ffe3bb10000 - 0x00007ffe3c6f1000 	C:\Program Files\Java\jdk-17\bin\server\jvm.dll
0x00007ffe6fc20000 - 0x00007ffe6fc28000 	C:\Windows\System32\PSAPI.DLL
0x00007ffe63ce0000 - 0x00007ffe63d07000 	C:\Windows\SYSTEM32\WINMM.dll
0x00007ffe55cf0000 - 0x00007ffe55cf9000 	C:\Windows\SYSTEM32\WSOCK32.dll
0x00007ffe6f930000 - 0x00007ffe6f99b000 	C:\Windows\System32\WS2_32.dll
0x00007ffe6c330000 - 0x00007ffe6c342000 	C:\Windows\SYSTEM32\kernel.appcore.dll
0x00007ffe69d70000 - 0x00007ffe69d7a000 	C:\Program Files\Java\jdk-17\bin\jimage.dll
0x00007ffe5e4b0000 - 0x00007ffe5e694000 	C:\Windows\SYSTEM32\DBGHELP.DLL
0x00007ffe5e230000 - 0x00007ffe5e264000 	C:\Windows\SYSTEM32\dbgcore.DLL
0x00007ffe6e4b0000 - 0x00007ffe6e532000 	C:\Windows\System32\bcryptPrimitives.dll
0x00007ffe699a0000 - 0x00007ffe699ae000 	C:\Program Files\Java\jdk-17\bin\instrument.dll
0x00007ffe60090000 - 0x00007ffe600b5000 	C:\Program Files\Java\jdk-17\bin\java.dll
0x00007ffe47490000 - 0x00007ffe47567000 	C:\Program Files\Java\jdk-17\bin\jsvml.dll
0x00007ffe6fc30000 - 0x00007ffe7039d000 	C:\Windows\System32\SHELL32.dll
0x00007ffe6c530000 - 0x00007ffe6ccd4000 	C:\Windows\SYSTEM32\windows.storage.dll
0x00007ffe70940000 - 0x00007ffe70c95000 	C:\Windows\System32\combase.dll
0x00007ffe6de10000 - 0x00007ffe6de3f000 	C:\Windows\SYSTEM32\Wldp.dll
0x00007ffe6fb50000 - 0x00007ffe6fc1d000 	C:\Windows\System32\OLEAUT32.dll
0x00007ffe6f690000 - 0x00007ffe6f73d000 	C:\Windows\System32\SHCORE.dll
0x00007ffe703a0000 - 0x00007ffe703f5000 	C:\Windows\System32\shlwapi.dll
0x00007ffe6e3e0000 - 0x00007ffe6e404000 	C:\Windows\SYSTEM32\profapi.dll
0x00007ffe5ffb0000 - 0x00007ffe5ffc8000 	C:\Program Files\Java\jdk-17\bin\zip.dll
0x00007ffe60070000 - 0x00007ffe60089000 	C:\Program Files\Java\jdk-17\bin\net.dll
0x00007ffe661b0000 - 0x00007ffe662ba000 	C:\Windows\SYSTEM32\WINHTTP.dll
0x00007ffe6db70000 - 0x00007ffe6dbdc000 	C:\Windows\system32\mswsock.dll
0x00007ffe60050000 - 0x00007ffe60066000 	C:\Program Files\Java\jdk-17\bin\nio.dll
0x00007ffe5fcf0000 - 0x00007ffe5fd0a000 	C:\Program Files\JetBrains\IntelliJ IDEA Community Edition 2024.3.2.2\bin\breakgen64.dll
0x00007ffe69990000 - 0x00007ffe6999e000 	C:\Program Files\Java\jdk-17\bin\sunmscapi.dll
0x00007ffe6e800000 - 0x00007ffe6e95c000 	C:\Windows\System32\CRYPT32.dll
0x00007ffe6de80000 - 0x00007ffe6dea7000 	C:\Windows\SYSTEM32\ncrypt.dll
0x00007ffe6de40000 - 0x00007ffe6de7b000 	C:\Windows\SYSTEM32\NTASN1.dll
0x00007ffe6dd70000 - 0x00007ffe6dd88000 	C:\Windows\SYSTEM32\CRYPTSP.dll
0x00007ffe6d490000 - 0x00007ffe6d4c4000 	C:\Windows\system32\rsaenh.dll
0x00007ffe6e360000 - 0x00007ffe6e38e000 	C:\Windows\SYSTEM32\USERENV.dll
0x00007ffe6dd60000 - 0x00007ffe6dd6c000 	C:\Windows\SYSTEM32\CRYPTBASE.dll
0x00007ffe6d850000 - 0x00007ffe6d88b000 	C:\Windows\SYSTEM32\IPHLPAPI.DLL
0x00007ffe70710000 - 0x00007ffe70718000 	C:\Windows\System32\NSI.dll
0x00007ffe66d90000 - 0x00007ffe66da7000 	C:\Windows\SYSTEM32\dhcpcsvc6.DLL
0x00007ffe67550000 - 0x00007ffe6756d000 	C:\Windows\SYSTEM32\dhcpcsvc.DLL
0x00007ffe6d890000 - 0x00007ffe6d95a000 	C:\Windows\SYSTEM32\DNSAPI.dll
0x00007ffe69870000 - 0x00007ffe6987a000 	C:\Program Files\Java\jdk-17\bin\management.dll
0x00007ffe5ffa0000 - 0x00007ffe5ffab000 	C:\Program Files\Java\jdk-17\bin\management_ext.dll
0x00007ffe61430000 - 0x00007ffe6143a000 	C:\Windows\System32\rasadhlp.dll
0x00007ffe61540000 - 0x00007ffe615c0000 	C:\Windows\System32\fwpuclnt.dll
0x00007ffe48cb0000 - 0x00007ffe48cb7000 	C:\Windows\system32\wshunix.dll

dbghelp: loaded successfully - version: 4.0.5 - missing functions: none
symbol engine: initialized successfully - sym options: 0x614 - pdb path: .;C:\Program Files\Java\jdk-17\bin;C:\Windows\SYSTEM32;C:\Windows\WinSxS\amd64_microsoft.windows.common-controls_6595b64144ccf1df_6.0.19041.4355_none_60b8b9eb71f62e16;C:\Program Files\Java\jdk-17\bin\server;C:\Program Files\JetBrains\IntelliJ IDEA Community Edition 2024.3.2.2\bin

VM Arguments:
jvm_args: -javaagent:C:\Program Files\JetBrains\IntelliJ IDEA Community Edition 2024.3.2.2\lib\idea_rt.jar=55096:C:\Program Files\JetBrains\IntelliJ IDEA Community Edition 2024.3.2.2\bin -Dfile.encoding=UTF-8 
java_command: com.example.ReportingBackendApplication
java_class_path (initial): D:\Bureau\lunar\stage2025\reporting-backend\target\classes;C:\Users\MANAR\.m2\repository\org\springframework\boot\spring-boot-starter-web\3.4.2\spring-boot-starter-web-3.4.2.jar;C:\Users\MANAR\.m2\repository\org\springframework\boot\spring-boot-starter\3.4.2\spring-boot-starter-3.4.2.jar;C:\Users\MANAR\.m2\repository\org\springframework\boot\spring-boot\3.4.2\spring-boot-3.4.2.jar;C:\Users\MANAR\.m2\repository\org\springframework\boot\spring-boot-autoconfigure\3.4.2\spring-boot-autoconfigure-3.4.2.jar;C:\Users\MANAR\.m2\repository\jakarta\annotation\jakarta.annotation-api\2.1.1\jakarta.annotation-api-2.1.1.jar;C:\Users\MANAR\.m2\repository\org\yaml\snakeyaml\2.3\snakeyaml-2.3.jar;C:\Users\MANAR\.m2\repository\org\springframework\boot\spring-boot-starter-json\3.4.2\spring-boot-starter-json-3.4.2.jar;C:\Users\MANAR\.m2\repository\com\fasterxml\jackson\core\jackson-databind\2.18.2\jackson-databind-2.18.2.jar;C:\Users\MANAR\.m2\repository\com\fasterxml\jackson\core\jackson-annotations\2.18.2\jackson-annotations-2.18.2.jar;C:\Users\MANAR\.m2\repository\com\fasterxml\jackson\core\jackson-core\2.18.2\jackson-core-2.18.2.jar;C:\Users\MANAR\.m2\repository\com\fasterxml\jackson\datatype\jackson-datatype-jdk8\2.18.2\jackson-datatype-jdk8-2.18.2.jar;C:\Users\MANAR\.m2\repository\com\fasterxml\jackson\datatype\jackson-datatype-jsr310\2.18.2\jackson-datatype-jsr310-2.18.2.jar;C:\Users\MANAR\.m2\repository\com\fasterxml\jackson\module\jackson-module-parameter-names\2.18.2\jackson-module-parameter-names-2.18.2.jar;C:\Users\MANAR\.m2\repository\org\springframework\boot\spring-boot-starter-tomcat\3.4.2\spring-boot-starter-tomcat-3.4.2.jar;C:\Users\MANAR\.m2\repository\org\apache\tomcat\embed\tomcat-embed-core\10.1.34\tomcat-embed-core-10.1.34.jar;C:\Users\MANAR\.m2\repository\org\apache\tomcat\embed\tomcat-embed-websocket\10.1.34\tomcat-embed-websocket-10.1.34.jar;C:\Users\MANAR\.m2\repository\org\springframework\spring-web\6.2.2\spring-web-6.2.2.jar;C:\U
Launcher Type: SUN_STANDARD

[Global flags]
     intx CICompilerCount                          = 4                                         {product} {ergonomic}
     uint ConcGCThreads                            = 2                                         {product} {ergonomic}
     uint G1ConcRefinementThreads                  = 8                                         {product} {ergonomic}
   size_t G1HeapRegionSize                         = 1048576                                   {product} {ergonomic}
    uintx GCDrainStackTargetSize                   = 64                                        {product} {ergonomic}
   size_t InitialHeapSize                          = 117440512                                 {product} {ergonomic}
   size_t MarkStackSize                            = 4194304                                   {product} {ergonomic}
   size_t MaxHeapSize                              = 1866465280                                {product} {ergonomic}
   size_t MaxNewSize                               = 1119879168                                {product} {ergonomic}
   size_t MinHeapDeltaBytes                        = 1048576                                   {product} {ergonomic}
   size_t MinHeapSize                              = 8388608                                   {product} {ergonomic}
    uintx NonNMethodCodeHeapSize                   = 5839372                                {pd product} {ergonomic}
    uintx NonProfiledCodeHeapSize                  = 122909434                              {pd product} {ergonomic}
    uintx ProfiledCodeHeapSize                     = 122909434                              {pd product} {ergonomic}
    uintx ReservedCodeCacheSize                    = 251658240                              {pd product} {ergonomic}
     bool SegmentedCodeCache                       = true                                      {product} {ergonomic}
   size_t SoftMaxHeapSize                          = 1866465280                             {manageable} {ergonomic}
     bool UseCompressedClassPointers               = true                           {product lp64_product} {ergonomic}
     bool UseCompressedOops                        = true                           {product lp64_product} {ergonomic}
     bool UseG1GC                                  = true                                      {product} {ergonomic}
     bool UseLargePagesIndividualAllocation        = false                                  {pd product} {ergonomic}

Logging:
Log output configuration:
 #0: stdout all=warning uptime,level,tags
 #1: stderr all=off uptime,level,tags

Environment Variables:
JAVA_HOME=C:\Program Files\Java\jdk-17
PATH=C:\Python312\Scripts\;C:\Python312\;C:\Program Files\Common Files\Oracle\Java\javapath;C:\Windows\system32;C:\Windows;C:\Windows\System32\Wbem;C:\Windows\System32\WindowsPowerShell\v1.0\;C:\Windows\System32\OpenSSH\;C:\Program Files\Microsoft SQL Server\Client SDK\ODBC\110\Tools\Binn\;C:\ProgramData\chocolatey\bin;C:\Program Files\Microsoft VS Code\bin;C:\Users\MANAR\Documents\Flutter\flutter\bin;C:\Users\MANAR\AppData\Local\Android\Sdk\cmdline-tools\latest\bin;C:\Program Files\Git\cmd;C:\Program Files\maven\apache-maven-3.9.9\bin;C:\Program Files\MongoDB\Server\8.0\bin;C:\Program Files\Java\jdk-17\bin;C:\Program Files\nodejs\;C:\Users\MANAR\AppData\Local\Microsoft\WindowsApps;C:\Program Files\JetBrains\IntelliJ IDEA Community Edition 2024.3.2.2\bin;;C:\Users\MANAR\AppData\Roaming\npm
USERNAME=MANAR
OS=Windows_NT
PROCESSOR_IDENTIFIER=AMD64 Family 23 Model 17 Stepping 0, AuthenticAMD



---------------  S Y S T E M  ---------------

OS:
 Windows 10 , 64 bit Build 19041 (10.0.19041.5438)
OS uptime: 1 days 21:10 hours

CPU: total 8 (initial active 8) (8 cores per cpu, 2 threads per core) family 23 model 17 stepping 0 microcode 0x0, cx8, cmov, fxsr, ht, mmx, 3dnowpref, sse, sse2, sse3, ssse3, sse4a, sse4.1, sse4.2, popcnt, lzcnt, tsc, tscinvbit, avx, avx2, aes, clmul, bmi1, bmi2, adx, sha, fma, vzeroupper, clflush, clflushopt

Memory: 4k page, system-wide physical 7117M (615M free)
TotalPageFile size 13151M (AvailPageFile size 0M)
current process WorkingSet (physical memory assigned to process): 196M, peak: 205M
current process commit charge ("private bytes"): 246M, peak: 261M

vm_info: Java HotSpot(TM) 64-Bit Server VM (17.0.14+8-LTS-191) for windows-amd64 JRE (17.0.14+8-LTS-191), built on Dec  3 2024 11:07:59 by "mach5one" with MS VC++ 17.6 (VS2022)

END.
